[debug] [2023-03-20T03:18:38.645Z] ----------------------------------------------------------------------
[debug] [2023-03-20T03:18:38.648Z] Command:       C:\Program Files\nodejs\node.exe C:\Users\misan\AppData\Roaming\npm\node_modules\firebase-tools\lib\bin\firebase.js init
[debug] [2023-03-20T03:18:38.649Z] CLI Version:   11.24.1
[debug] [2023-03-20T03:18:38.649Z] Platform:      win32
[debug] [2023-03-20T03:18:38.649Z] Node Version:  v18.12.1
[debug] [2023-03-20T03:18:38.650Z] Time:          Mon Mar 20 2023 16:18:38 GMT+1300 (New Zealand Daylight Time)
[debug] [2023-03-20T03:18:38.651Z] ----------------------------------------------------------------------
[debug] 
[debug] [2023-03-20T03:18:38.661Z] > command requires scopes: ["email","openid","https://www.googleapis.com/auth/cloudplatformprojects.readonly","https://www.googleapis.com/auth/firebase","https://www.googleapis.com/auth/cloud-platform"]
[debug] [2023-03-20T03:18:38.662Z] > authorizing via signed-in user (misanduschool@gmail.com)
[info] 
     ######## #### ########  ######## ########     ###     ######  ########
     ##        ##  ##     ## ##       ##     ##  ##   ##  ##       ##
     ######    ##  ########  ######   ########  #########  ######  ######
     ##        ##  ##    ##  ##       ##     ## ##     ##       ## ##
     ##       #### ##     ## ######## ########  ##     ##  ######  ########

You're about to initialize a Firebase project in this directory:

  C:\Users\misan\Desktop\LearnIT\FrontDevLearn\reactJS\pedro\firebase

[info] 
=== Project Setup
[info] 
[info] First, let's associate this project directory with a Firebase project.
[info] You can create multiple project aliases by running firebase use --add, 
[info] but for now we'll just set up a default project.
[info] 
[debug] [2023-03-20T03:21:12.429Z] >>> [apiv2][query] GET https://firebase.googleapis.com/v1beta1/projects pageSize=100
[debug] [2023-03-20T03:21:13.546Z] <<< [apiv2][status] GET https://firebase.googleapis.com/v1beta1/projects 200
[debug] [2023-03-20T03:21:13.546Z] <<< [apiv2][body] GET https://firebase.googleapis.com/v1beta1/projects [omitted]
[info] i  Using project learn-react-234e6 (learn-react) 
[info] 
=== Hosting Setup
[info] 
[info] Your public directory is the folder (relative to your project directory) that
[info] will contain Hosting assets to be uploaded with firebase deploy. If you
[info] have a build process for your assets, use your build's output directory.
[info] 
[info] +  Wrote public/404.html 
[debug] [2023-03-20T03:22:56.692Z] >>> [apiv2][query] GET https://www.gstatic.com/firebasejs/releases.json [none]
[debug] [2023-03-20T03:22:57.147Z] <<< [apiv2][status] GET https://www.gstatic.com/firebasejs/releases.json 200
[debug] [2023-03-20T03:22:57.147Z] <<< [apiv2][body] GET https://www.gstatic.com/firebasejs/releases.json {"current":{"version":"9.18.0","browserURL":"https://www.gstatic.com/firebasejs/9.18.0/firebase.js","packageURL":"https://www.gstatic.com/firebasejs/9.18.0/firebase.tgz"},"live":{"version":"9.18","browserURL":"https://www.gstatic.com/firebasejs/live/9.18/firebase.js","packageURL":"https://www.gstatic.com/firebasejs/live/9.18/firebase.tgz"},"components":{"analytics":"https://www.gstatic.com/firebasejs/9.18.0/firebase-analytics.js","app":"https://www.gstatic.com/firebasejs/9.18.0/firebase-app.js","app-check":"https://www.gstatic.com/firebasejs/9.18.0/firebase-app-check.js","auth":"https://www.gstatic.com/firebasejs/9.18.0/firebase-auth.js","auth/cordova":"https://www.gstatic.com/firebasejs/9.18.0/firebase-auth/cordova.js","auth/react-native":"https://www.gstatic.com/firebasejs/9.18.0/firebase-auth/react-native.js","functions":"https://www.gstatic.com/firebasejs/9.18.0/firebase-functions.js","firestore":"https://www.gstatic.com/firebasejs/9.18.0/firebase-firestore.js","firestore/lite":"https://www.gstatic.com/firebasejs/9.18.0/firebase-firestore/lite.js","installations":"https://www.gstatic.com/firebasejs/9.18.0/firebase-installations.js","storage":"https://www.gstatic.com/firebasejs/9.18.0/firebase-storage.js","performance":"https://www.gstatic.com/firebasejs/9.18.0/firebase-performance.js","remote-config":"https://www.gstatic.com/firebasejs/9.18.0/firebase-remote-config.js","messaging":"https://www.gstatic.com/firebasejs/9.18.0/firebase-messaging.js","messaging/sw":"https://www.gstatic.com/firebasejs/9.18.0/firebase-messaging/sw.js","database":"https://www.gstatic.com/firebasejs/9.18.0/firebase-database.js","firestore.memory":"https://www.gstatic.com/firebasejs/9.18.0/firebase-firestore.memory.js"}}
[info] i  Skipping write of public/index.html 
[info] 
[info] i  Detected a .git folder at C:\Users\misan\Desktop\LearnIT 
[info] i  Authorizing with GitHub to upload your service account to a GitHub repository's secrets store. 
[info] 
[info] Visit this URL on this device to log in:
[info] https://github.com/login/oauth/authorize?client_id=89cf50f02ac6aaed3484&state=95079239&redirect_uri=http%3A%2F%2Flocalhost%3A9005&scope=read%3Auser%20repo%20public_repo
[info] 
[info] Waiting for authentication...
[debug] [2023-03-20T03:23:48.860Z] >>> [apiv2][query] POST https://github.com/login/oauth/access_token [none]
[debug] [2023-03-20T03:23:48.860Z] >>> [apiv2][body] POST https://github.com/login/oauth/access_token [stream]
[debug] [2023-03-20T03:23:49.431Z] <<< [apiv2][status] POST https://github.com/login/oauth/access_token 200
[debug] [2023-03-20T03:23:49.431Z] <<< [apiv2][body] POST https://github.com/login/oauth/access_token {"access_token":"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","token_type":"bearer","scope":"read:user,repo"}
[debug] [2023-03-20T03:23:49.440Z] >>> [apiv2][query] GET https://api.github.com/user [none]
[debug] [2023-03-20T03:23:50.043Z] <<< [apiv2][status] GET https://api.github.com/user 200
[debug] [2023-03-20T03:23:50.044Z] <<< [apiv2][body] GET https://api.github.com/user {"login":"MisanduPerera","id":45408023,"node_id":"MDQ6VXNlcjQ1NDA4MDIz","avatar_url":"https://avatars.githubusercontent.com/u/45408023?v=4","gravatar_id":"","url":"https://api.github.com/users/MisanduPerera","html_url":"https://github.com/MisanduPerera","followers_url":"https://api.github.com/users/MisanduPerera/followers","following_url":"https://api.github.com/users/MisanduPerera/following{/other_user}","gists_url":"https://api.github.com/users/MisanduPerera/gists{/gist_id}","starred_url":"https://api.github.com/users/MisanduPerera/starred{/owner}{/repo}","subscriptions_url":"https://api.github.com/users/MisanduPerera/subscriptions","organizations_url":"https://api.github.com/users/MisanduPerera/orgs","repos_url":"https://api.github.com/users/MisanduPerera/repos","events_url":"https://api.github.com/users/MisanduPerera/events{/privacy}","received_events_url":"https://api.github.com/users/MisanduPerera/received_events","type":"User","site_admin":false,"name":"missa","company":null,"blog":"","location":null,"email":null,"hireable":null,"bio":"Probably drinking with friends \r\nCHEERS ðŸ»","twitter_username":null,"public_repos":2,"public_gists":0,"followers":0,"following":0,"created_at":"2018-11-27T23:26:08Z","updated_at":"2023-03-16T10:40:13Z","private_gists":0,"total_private_repos":1,"owned_private_repos":1,"disk_usage":15919,"collaborators":0,"two_factor_authentication":false,"plan":{"name":"free","space":976562499,"collaborators":0,"private_repos":10000}}
[info] 
[info] +  Success! Logged into GitHub as MisanduPerera 
[info] 
